SF:lib/src/auth_feature_contract.dart
DA:4,1
DA:25,1
DA:35,1
DA:41,1
DA:44,1
DA:50,1
DA:53,1
LF:7
LH:7
end_of_record
SF:lib/src/auth_feature_module.dart
DA:8,1
DA:20,0
DA:52,1
DA:55,0
DA:60,0
LF:5
LH:2
end_of_record
SF:lib/src/models/auth_result.dart
DA:2,1
DA:52,1
DA:53,1
DA:54,1
DA:55,2
DA:56,2
DA:57,2
DA:58,2
DA:59,2
DA:60,0
DA:61,3
DA:62,2
DA:63,2
DA:64,2
DA:65,2
DA:66,2
DA:67,2
DA:68,0
DA:69,2
DA:73,1
DA:74,1
DA:75,2
DA:76,1
DA:78,0
DA:81,1
DA:82,2
DA:83,2
DA:84,2
DA:85,2
DA:86,2
DA:87,0
DA:88,3
DA:89,2
DA:90,2
DA:91,2
DA:92,2
DA:93,2
DA:100,1
DA:116,1
DA:117,1
DA:118,2
DA:119,2
DA:120,2
DA:121,2
DA:122,0
DA:123,3
DA:124,2
DA:125,2
DA:126,0
DA:127,3
LF:50
LH:44
end_of_record
SF:lib/src/models/auth_session.dart
DA:4,1
DA:6,3
DA:10,2
DA:12,1
DA:13,1
DA:16,1
DA:17,1
LF:7
LH:7
end_of_record
SF:lib/src/models/user_state.dart
DA:4,2
DA:9,4
DA:11,1
DA:12,2
LF:4
LH:4
end_of_record
SF:lib/src/providers/auth_controller.dart
DA:15,0
DA:22,0
DA:24,0
DA:25,0
DA:29,0
DA:31,0
DA:32,0
DA:33,0
DA:34,0
DA:35,0
DA:38,0
DA:39,0
DA:40,0
DA:44,0
DA:45,0
DA:46,0
DA:50,0
DA:53,0
DA:58,0
DA:60,0
DA:61,0
DA:62,0
DA:68,0
DA:71,0
DA:72,0
DA:73,0
DA:74,0
DA:75,0
DA:78,0
DA:79,0
DA:80,0
DA:81,0
DA:82,0
DA:85,0
DA:86,0
DA:89,0
DA:90,0
DA:91,0
DA:93,0
DA:94,0
DA:96,0
DA:99,0
DA:100,0
DA:101,0
DA:104,0
DA:105,0
DA:106,0
DA:109,0
DA:110,0
DA:111,0
LF:50
LH:0
end_of_record
SF:lib/src/auth_api_path.dart
DA:4,0
DA:9,0
LF:2
LH:0
end_of_record
SF:lib/src/presentation/login_page.dart
DA:11,1
DA:13,0
DA:14,0
DA:26,0
DA:27,0
DA:28,0
DA:30,0
DA:32,0
DA:33,0
DA:34,0
DA:35,0
DA:38,0
DA:40,0
DA:41,0
DA:42,0
DA:43,0
DA:44,0
DA:47,0
DA:48,0
DA:49,0
DA:52,0
DA:54,0
DA:55,0
DA:57,0
DA:58,0
DA:59,0
DA:60,0
DA:61,0
DA:62,0
DA:64,0
DA:65,0
DA:66,0
DA:68,0
DA:70,0
DA:71,0
DA:73,0
DA:76,0
DA:77,0
DA:79,0
DA:80,0
DA:81,0
DA:82,0
DA:84,0
DA:85,0
DA:86,0
DA:92,0
DA:93,0
DA:94,0
DA:95,0
DA:96,0
DA:97,0
DA:99,0
DA:100,0
DA:101,0
DA:105,0
DA:106,0
DA:107,0
DA:112,0
DA:113,0
DA:114,0
DA:116,0
DA:117,0
DA:123,0
DA:124,0
DA:125,0
DA:126,0
DA:127,0
DA:128,0
DA:129,0
DA:133,0
DA:134,0
DA:139,0
DA:141,0
DA:142,0
DA:144,0
DA:145,0
DA:151,0
DA:163,0
DA:164,0
DA:166,0
DA:167,0
DA:168,0
DA:173,0
DA:177,0
DA:178,0
DA:179,0
DA:181,0
DA:183,0
DA:185,0
DA:186,0
DA:187,0
DA:191,0
DA:192,0
DA:197,0
DA:198,0
DA:199,0
DA:200,0
DA:202,0
DA:203,0
DA:205,0
DA:206,0
DA:209,0
DA:210,0
DA:214,0
DA:215,0
DA:216,0
DA:217,0
LF:107
LH:1
end_of_record
SF:lib/src/auth_gateway_impl.dart
DA:7,0
DA:9,0
DA:16,0
DA:17,0
DA:19,0
DA:20,0
DA:22,0
DA:23,0
DA:26,0
DA:27,0
DA:28,0
DA:29,0
DA:30,0
DA:31,0
DA:35,0
DA:36,0
DA:39,0
DA:41,0
DA:43,0
DA:46,0
LF:20
LH:0
end_of_record
SF:lib/src/constants/storage_keys.dart
DA:2,0
LF:1
LH:0
end_of_record
